<?xml version="1.0" encoding="UTF-8"?>
<!-- Generated by org.testng.reporters.JUnitReportReporter -->
<testsuite hostname="DESKTOP-8MHDRGQ" failures="0" tests="1" name="Academy.validateNavigationBar" time="0.053" errors="0" timestamp="2021-11-14T13:39:19 IST" skipped="0">
  <testcase classname="Academy.validateNavigationBar" name="validateAppNavBar" time="0.053"/>
  <system-out/>
</testsuite> <!-- Academy.validateNavigationBar -->
