<?xml version="1.0" encoding="UTF-8"?>
<!-- Generated by org.testng.reporters.JUnitReportReporter -->
<testsuite hostname="DESKTOP-8MHDRGQ" failures="0" tests="2" name="Academy.HomePage" time="4.814" errors="0" timestamp="2021-11-14T13:39:19 IST" skipped="0">
  <testcase classname="Academy.HomePage" name="basePageNavigation" time="3.021"/>
  <system-out/>
  <testcase classname="Academy.HomePage" name="basePageNavigation" time="1.793"/>
  <system-out/>
</testsuite> <!-- Academy.HomePage -->
