<?xml version="1.0" encoding="UTF-8"?>
<!-- Generated by org.testng.reporters.JUnitReportReporter -->
<testsuite hostname="DESKTOP-8MHDRGQ" failures="0" tests="2" name="Academy.HomePage" time="3.739" errors="0" timestamp="14 Nov 2021 09:12:39 GMT">
  <testcase classname="Academy.HomePage" name="basePageNavigation" time="1.638"/>
  <testcase classname="Academy.HomePage" name="basePageNavigation" time="2.101"/>
</testsuite> <!-- Academy.HomePage -->
