<?xml version="1.0" encoding="UTF-8"?>
<!-- Generated by org.testng.reporters.JUnitReportReporter -->
<testsuite hostname="DESKTOP-8MHDRGQ" failures="0" tests="1" name="Academy.validateNavigationBar" time="0.064" errors="0" timestamp="14 Nov 2021 09:12:39 GMT">
  <testcase classname="Academy.validateNavigationBar" name="validateAppNavBar" time="0.064"/>
</testsuite> <!-- Academy.validateNavigationBar -->
